This is pdfTeX, Version 3.14159265-2.6-1.40.20 (MiKTeX 2.9.7050 64-bit) (preloaded format=pdflatex 2019.7.9)  9 JUL 2019 12:02
entering extended mode
**"./Thesis 1 draft.tex"
("Thesis 1 draft.tex"
LaTeX2e <2018-12-01>

("C:\Users\rsarbajna\AppData\Local\Programs\MiKTeX 2.9\tex/latex/ieeetran\IEEEt
ran.cls"
Document Class: IEEEtran 2015/08/26 V1.8b by Michael Shell
-- See the "IEEEtran_HOWTO" manual for usage information.
-- http://www.michaelshell.org/tex/ieeetran/
\@IEEEtrantmpdimenA=\dimen102
\@IEEEtrantmpdimenB=\dimen103
\@IEEEtrantmpdimenC=\dimen104
\@IEEEtrantmpcountA=\count80
\@IEEEtrantmpcountB=\count81
\@IEEEtrantmpcountC=\count82
\@IEEEtrantmptoksA=\toks14
LaTeX Font Info:    Try loading font information for OT1+ptm on input line 503.


("C:\Users\rsarbajna\AppData\Local\Programs\MiKTeX 2.9\tex/latex/psnfss\ot1ptm.
fd"
File: ot1ptm.fd 2001/06/04 font definitions for OT1/ptm.
)
-- Using 8.5in x 11in (letter) paper.
-- Using PDF output.
\@IEEEnormalsizeunitybaselineskip=\dimen105
-- This is a 10 point document.
\CLASSINFOnormalsizebaselineskip=\dimen106
\CLASSINFOnormalsizeunitybaselineskip=\dimen107
\IEEEnormaljot=\dimen108
LaTeX Font Info:    Font shape `OT1/ptm/bx/n' in size <5> not available
(Font)              Font shape `OT1/ptm/b/n' tried instead on input line 1090.
LaTeX Font Info:    Font shape `OT1/ptm/bx/it' in size <5> not available
(Font)              Font shape `OT1/ptm/b/it' tried instead on input line 1090.

LaTeX Font Info:    Font shape `OT1/ptm/bx/n' in size <7> not available
(Font)              Font shape `OT1/ptm/b/n' tried instead on input line 1090.
LaTeX Font Info:    Font shape `OT1/ptm/bx/it' in size <7> not available
(Font)              Font shape `OT1/ptm/b/it' tried instead on input line 1090.

LaTeX Font Info:    Font shape `OT1/ptm/bx/n' in size <8> not available
(Font)              Font shape `OT1/ptm/b/n' tried instead on input line 1090.
LaTeX Font Info:    Font shape `OT1/ptm/bx/it' in size <8> not available
(Font)              Font shape `OT1/ptm/b/it' tried instead on input line 1090.

LaTeX Font Info:    Font shape `OT1/ptm/bx/n' in size <9> not available
(Font)              Font shape `OT1/ptm/b/n' tried instead on input line 1090.
LaTeX Font Info:    Font shape `OT1/ptm/bx/it' in size <9> not available
(Font)              Font shape `OT1/ptm/b/it' tried instead on input line 1090.

LaTeX Font Info:    Font shape `OT1/ptm/bx/n' in size <10> not available
(Font)              Font shape `OT1/ptm/b/n' tried instead on input line 1090.
LaTeX Font Info:    Font shape `OT1/ptm/bx/it' in size <10> not available
(Font)              Font shape `OT1/ptm/b/it' tried instead on input line 1090.

LaTeX Font Info:    Font shape `OT1/ptm/bx/n' in size <11> not available
(Font)              Font shape `OT1/ptm/b/n' tried instead on input line 1090.
LaTeX Font Info:    Font shape `OT1/ptm/bx/it' in size <11> not available
(Font)              Font shape `OT1/ptm/b/it' tried instead on input line 1090.

LaTeX Font Info:    Font shape `OT1/ptm/bx/n' in size <12> not available
(Font)              Font shape `OT1/ptm/b/n' tried instead on input line 1090.
LaTeX Font Info:    Font shape `OT1/ptm/bx/it' in size <12> not available
(Font)              Font shape `OT1/ptm/b/it' tried instead on input line 1090.

LaTeX Font Info:    Font shape `OT1/ptm/bx/n' in size <17> not available
(Font)              Font shape `OT1/ptm/b/n' tried instead on input line 1090.
LaTeX Font Info:    Font shape `OT1/ptm/bx/it' in size <17> not available
(Font)              Font shape `OT1/ptm/b/it' tried instead on input line 1090.

LaTeX Font Info:    Font shape `OT1/ptm/bx/n' in size <20> not available
(Font)              Font shape `OT1/ptm/b/n' tried instead on input line 1090.
LaTeX Font Info:    Font shape `OT1/ptm/bx/it' in size <20> not available
(Font)              Font shape `OT1/ptm/b/it' tried instead on input line 1090.

LaTeX Font Info:    Font shape `OT1/ptm/bx/n' in size <24> not available
(Font)              Font shape `OT1/ptm/b/n' tried instead on input line 1090.
LaTeX Font Info:    Font shape `OT1/ptm/bx/it' in size <24> not available
(Font)              Font shape `OT1/ptm/b/it' tried instead on input line 1090.

\IEEEquantizedlength=\dimen109
\IEEEquantizedlengthdiff=\dimen110
\IEEEquantizedtextheightdiff=\dimen111
\IEEEilabelindentA=\dimen112
\IEEEilabelindentB=\dimen113
\IEEEilabelindent=\dimen114
\IEEEelabelindent=\dimen115
\IEEEdlabelindent=\dimen116
\IEEElabelindent=\dimen117
\IEEEiednormlabelsep=\dimen118
\IEEEiedmathlabelsep=\dimen119
\IEEEiedtopsep=\skip41
\c@section=\count83
\c@subsection=\count84
\c@subsubsection=\count85
\c@paragraph=\count86
\c@IEEEsubequation=\count87
\abovecaptionskip=\skip42
\belowcaptionskip=\skip43
\c@figure=\count88
\c@table=\count89
\@IEEEeqnnumcols=\count90
\@IEEEeqncolcnt=\count91
\@IEEEsubeqnnumrollback=\count92
\@IEEEquantizeheightA=\dimen120
\@IEEEquantizeheightB=\dimen121
\@IEEEquantizeheightC=\dimen122
\@IEEEquantizeprevdepth=\dimen123
\@IEEEquantizemultiple=\count93
\@IEEEquantizeboxA=\box27
\@IEEEtmpitemindent=\dimen124
\IEEEPARstartletwidth=\dimen125
\c@IEEEbiography=\count94
\@IEEEtranrubishbin=\box28
)
("C:\Users\rsarbajna\AppData\Local\Programs\MiKTeX 2.9\tex/latex/amsmath\amsmat
h.sty"
Package: amsmath 2018/12/01 v2.17b AMS math features
\@mathmargin=\skip44

For additional information on amsmath, use the `?' option.

("C:\Users\rsarbajna\AppData\Local\Programs\MiKTeX 2.9\tex/latex/amsmath\amstex
t.sty"
Package: amstext 2000/06/29 v2.01 AMS text

("C:\Users\rsarbajna\AppData\Local\Programs\MiKTeX 2.9\tex/latex/amsmath\amsgen
.sty"
File: amsgen.sty 1999/11/30 v2.0 generic functions
\@emptytoks=\toks15
\ex@=\dimen126
))
("C:\Users\rsarbajna\AppData\Local\Programs\MiKTeX 2.9\tex/latex/amsmath\amsbsy
.sty"
Package: amsbsy 1999/11/29 v1.2d Bold Symbols
\pmbraise@=\dimen127
)
("C:\Users\rsarbajna\AppData\Local\Programs\MiKTeX 2.9\tex/latex/amsmath\amsopn
.sty"
Package: amsopn 2016/03/08 v2.02 operator names
)
\inf@bad=\count95
LaTeX Info: Redefining \frac on input line 223.
\uproot@=\count96
\leftroot@=\count97
LaTeX Info: Redefining \overline on input line 385.
\classnum@=\count98
\DOTSCASE@=\count99
LaTeX Info: Redefining \ldots on input line 482.
LaTeX Info: Redefining \dots on input line 485.
LaTeX Info: Redefining \cdots on input line 606.
\Mathstrutbox@=\box29
\strutbox@=\box30
\big@size=\dimen128
LaTeX Font Info:    Redeclaring font encoding OML on input line 729.
LaTeX Font Info:    Redeclaring font encoding OMS on input line 730.
\macc@depth=\count100
\c@MaxMatrixCols=\count101
\dotsspace@=\muskip10
\c@parentequation=\count102
\dspbrk@lvl=\count103
\tag@help=\toks16
\row@=\count104
\column@=\count105
\maxfields@=\count106
\andhelp@=\toks17
\eqnshift@=\dimen129
\alignsep@=\dimen130
\tagshift@=\dimen131
\tagwidth@=\dimen132
\totwidth@=\dimen133
\lineht@=\dimen134
\@envbody=\toks18
\multlinegap=\skip45
\multlinetaggap=\skip46
\mathdisplay@stack=\toks19
LaTeX Info: Redefining \[ on input line 2844.
LaTeX Info: Redefining \] on input line 2845.
)
("C:\Users\rsarbajna\AppData\Local\Programs\MiKTeX 2.9\tex/latex/tools\array.st
y"
Package: array 2018/12/30 v2.4k Tabular extension package (FMi)
\col@sep=\dimen135
\ar@mcellbox=\box31
\extrarowheight=\dimen136
\NC@list=\toks20
\extratabsurround=\skip47
\backup@length=\skip48
\ar@cellbox=\box32
) ("C:\Users\rsarbajna\AppData\Local\Programs\MiKTeX 2.9\tex/latex/url\url.sty"
\Urlmuskip=\muskip11
Package: url 2013/09/16  ver 3.4  Verb mode for urls, etc.
)
("C:\Users\rsarbajna\AppData\Local\Programs\MiKTeX 2.9\tex/latex/graphics\graph
icx.sty"
Package: graphicx 2017/06/01 v1.1a Enhanced LaTeX Graphics (DPC,SPQR)

("C:\Users\rsarbajna\AppData\Local\Programs\MiKTeX 2.9\tex/latex/graphics\keyva
l.sty"
Package: keyval 2014/10/28 v1.15 key=value parser (DPC)
\KV@toks@=\toks21
)
("C:\Users\rsarbajna\AppData\Local\Programs\MiKTeX 2.9\tex/latex/graphics\graph
ics.sty"
Package: graphics 2017/06/25 v1.2c Standard LaTeX Graphics (DPC,SPQR)

("C:\Users\rsarbajna\AppData\Local\Programs\MiKTeX 2.9\tex/latex/graphics\trig.
sty"
Package: trig 2016/01/03 v1.10 sin cos tan (DPC)
)
("C:\Users\rsarbajna\AppData\Local\Programs\MiKTeX 2.9\tex/latex/graphics-cfg\g
raphics.cfg"
File: graphics.cfg 2016/06/04 v1.11 sample graphics configuration
)
Package graphics Info: Driver file: pdftex.def on input line 99.

("C:\Users\rsarbajna\AppData\Local\Programs\MiKTeX 2.9\tex/latex/graphics-def\p
dftex.def"
File: pdftex.def 2018/01/08 v1.0l Graphics/color driver for pdftex
))
\Gin@req@height=\dimen137
\Gin@req@width=\dimen138
)
("C:\Users\rsarbajna\AppData\Local\Programs\MiKTeX 2.9\tex/latex/ulem\ulem.sty"
\UL@box=\box33
\UL@hyphenbox=\box34
\UL@skip=\skip49
\UL@hook=\toks22
\UL@height=\dimen139
\UL@pe=\count107
\UL@pixel=\dimen140
\ULC@box=\box35
Package: ulem 2012/05/18
\ULdepth=\dimen141
)
("C:\Users\rsarbajna\AppData\Local\Programs\MiKTeX 2.9\tex/latex/float\float.st
y"
Package: float 2001/11/08 v1.3d Float enhancements (AL)
\c@float@type=\count108
\float@exts=\toks23
\float@box=\box36
\@float@everytoks=\toks24
\@floatcapt=\box37
)
("C:\Users\rsarbajna\AppData\Local\Programs\MiKTeX 2.9\tex/latex/placeins\place
ins.sty"
Package: placeins 2005/04/18  v 2.2
)
("C:\Users\rsarbajna\AppData\Local\Programs\MiKTeX 2.9\tex/latex/listings\listi
ngs.sty"
\lst@mode=\count109
\lst@gtempboxa=\box38
\lst@token=\toks25
\lst@length=\count110
\lst@currlwidth=\dimen142
\lst@column=\count111
\lst@pos=\count112
\lst@lostspace=\dimen143
\lst@width=\dimen144
\lst@newlines=\count113
\lst@lineno=\count114
\lst@maxwidth=\dimen145

("C:\Users\rsarbajna\AppData\Local\Programs\MiKTeX 2.9\tex/latex/listings\lstmi
sc.sty"
File: lstmisc.sty 2019/02/27 1.8b (Carsten Heinz)
\c@lstnumber=\count115
\lst@skipnumbers=\count116
\lst@framebox=\box39
)
("C:\Users\rsarbajna\AppData\Local\Programs\MiKTeX 2.9\tex/latex/listings\listi
ngs.cfg"
File: listings.cfg 2019/02/27 1.8b listings configuration
))
Package: listings 2019/02/27 1.8b (Carsten Heinz)
 ("Thesis 1 draft.aux"

LaTeX Warning: Label `' multiply defined.


LaTeX Warning: Label `' multiply defined.


LaTeX Warning: Label `' multiply defined.


LaTeX Warning: Label `' multiply defined.


LaTeX Warning: Label `' multiply defined.


LaTeX Warning: Label `' multiply defined.


LaTeX Warning: Label `' multiply defined.


LaTeX Warning: Label `' multiply defined.


LaTeX Warning: Label `' multiply defined.


LaTeX Warning: Label `' multiply defined.

)
\openout1 = `"Thesis 1 draft.aux"'.

LaTeX Font Info:    Checking defaults for OML/cmm/m/it on input line 13.
LaTeX Font Info:    ... okay on input line 13.
LaTeX Font Info:    Checking defaults for T1/cmr/m/n on input line 13.
LaTeX Font Info:    ... okay on input line 13.
LaTeX Font Info:    Checking defaults for OT1/cmr/m/n on input line 13.
LaTeX Font Info:    ... okay on input line 13.
LaTeX Font Info:    Checking defaults for OMS/cmsy/m/n on input line 13.
LaTeX Font Info:    ... okay on input line 13.
LaTeX Font Info:    Checking defaults for OMX/cmex/m/n on input line 13.
LaTeX Font Info:    ... okay on input line 13.
LaTeX Font Info:    Checking defaults for U/cmr/m/n on input line 13.
LaTeX Font Info:    ... okay on input line 13.

-- Lines per column: 56 (exact).

("C:\Users\rsarbajna\AppData\Local\Programs\MiKTeX 2.9\tex/context/base/mkii\su
pp-pdf.mkii"
[Loading MPS to PDF converter (version 2006.09.02).]
\scratchcounter=\count117
\scratchdimen=\dimen146
\scratchbox=\box40
\nofMPsegments=\count118
\nofMParguments=\count119
\everyMPshowfont=\toks26
\MPscratchCnt=\count120
\MPscratchDim=\dimen147
\MPnumerator=\count121
\makeMPintoPDFobject=\count122
\everyMPtoPDFconversion=\toks27
)
("C:\Users\rsarbajna\AppData\Local\Programs\MiKTeX 2.9\tex/latex/oberdiek\epsto
pdf-base.sty"
Package: epstopdf-base 2016/05/15 v2.6 Base part for package epstopdf

("C:\Users\rsarbajna\AppData\Local\Programs\MiKTeX 2.9\tex/generic/oberdiek\inf
warerr.sty"
Package: infwarerr 2016/05/16 v1.4 Providing info/warning/error messages (HO)
)
("C:\Users\rsarbajna\AppData\Local\Programs\MiKTeX 2.9\tex/latex/oberdiek\grfex
t.sty"
Package: grfext 2016/05/16 v1.2 Manage graphics extensions (HO)

("C:\Users\rsarbajna\AppData\Local\Programs\MiKTeX 2.9\tex/generic/oberdiek\kvd
efinekeys.sty"
Package: kvdefinekeys 2016/05/16 v1.4 Define keys (HO)

("C:\Users\rsarbajna\AppData\Local\Programs\MiKTeX 2.9\tex/generic/oberdiek\ltx
cmds.sty"
Package: ltxcmds 2016/05/16 v1.23 LaTeX kernel commands for general use (HO)
)))
("C:\Users\rsarbajna\AppData\Local\Programs\MiKTeX 2.9\tex/latex/oberdiek\kvopt
ions.sty"
Package: kvoptions 2016/05/16 v3.12 Key value format for package options (HO)

("C:\Users\rsarbajna\AppData\Local\Programs\MiKTeX 2.9\tex/generic/oberdiek\kvs
etkeys.sty"
Package: kvsetkeys 2016/05/16 v1.17 Key value parser (HO)

("C:\Users\rsarbajna\AppData\Local\Programs\MiKTeX 2.9\tex/generic/oberdiek\ete
xcmds.sty"
Package: etexcmds 2016/05/16 v1.6 Avoid name clashes with e-TeX commands (HO)

("C:\Users\rsarbajna\AppData\Local\Programs\MiKTeX 2.9\tex/generic/oberdiek\ifl
uatex.sty"
Package: ifluatex 2016/05/16 v1.4 Provides the ifluatex switch (HO)
Package ifluatex Info: LuaTeX not detected.
))))
("C:\Users\rsarbajna\AppData\Local\Programs\MiKTeX 2.9\tex/generic/oberdiek\pdf
texcmds.sty"
Package: pdftexcmds 2018/09/10 v0.29 Utility functions of pdfTeX for LuaTeX (HO
)

("C:\Users\rsarbajna\AppData\Local\Programs\MiKTeX 2.9\tex/generic/oberdiek\ifp
df.sty"
Package: ifpdf 2018/09/07 v3.3 Provides the ifpdf switch
)
Package pdftexcmds Info: LuaTeX not detected.
Package pdftexcmds Info: \pdf@primitive is available.
Package pdftexcmds Info: \pdf@ifprimitive is available.
Package pdftexcmds Info: \pdfdraftmode found.
)
Package epstopdf-base Info: Redefining graphics rule for `.eps' on input line 4
38.
Package grfext Info: Graphics extension search list:
(grfext)             [.pdf,.png,.jpg,.mps,.jpeg,.jbig2,.jb2,.PDF,.PNG,.JPG,.JPE
G,.JBIG2,.JB2,.eps]
(grfext)             \AppendGraphicsExtensions on input line 456.
)
\c@lstlisting=\count123
 [1{C:/Users/rsarbajna/AppData/Local/MiKTeX/2.9/pdftex/config/pdftex.map}


]
Underfull \hbox (badness 10000) in paragraph at lines 101--102
[]\OT1/ptm/m/n/10 There are two dif-fer-ent datasets un-der con-
 []


Underfull \hbox (badness 10000) in paragraph at lines 101--102
\OT1/ptm/m/n/10 sid-er-a-tion here. First is the Spa-tiotem-po-ral
 []


Underfull \hbox (badness 10000) in paragraph at lines 101--102
\OT1/ptm/m/n/10 Drought Datasets from the North Amer-i-can Por-tal:
 []

<"Figure 1".png, id=9, 296.60812pt x 136.25906pt>
File: "Figure 1".png Graphic file (type png)
<use "Figure 1".png>
Package pdftex.def Info: "Figure 1".png  used on input line 110.
(pdftex.def)             Requested size: 252.0pt x 115.77083pt.
<"Figure 2".png, id=10, 311.66437pt x 91.09032pt>
File: "Figure 2".png Graphic file (type png)
<use "Figure 2".png>
Package pdftex.def Info: "Figure 2".png  used on input line 116.
(pdftex.def)             Requested size: 252.0pt x 73.65347pt.

LaTeX Warning: No positions in optional float specifier.
               Default added (so using `tbp') on input line 123.


LaTeX Warning: No positions in optional float specifier.
               Default added (so using `tbp') on input line 141.

[2]
<"Figure 13".png, id=15, 877.02657pt x 674.52pt>
File: "Figure 13".png Graphic file (type png)
<use "Figure 13".png>
Package pdftex.def Info: "Figure 13".png  used on input line 167.
(pdftex.def)             Requested size: 252.0pt x 193.80463pt.
<"Figure 3".png, id=16, 971.12813pt x 125.71968pt>
File: "Figure 3".png Graphic file (type png)
<use "Figure 3".png>
Package pdftex.def Info: "Figure 3".png  used on input line 190.
(pdftex.def)             Requested size: 252.0pt x 32.62303pt.

Overfull \hbox (12.33246pt too wide) in paragraph at lines 203--204
[][][][][][][][][][][][][][][][][][][] 
 []

[3 <./Figure 1.png> <./Figure 2.png> <./Figure 13.png> <./Figure 3.png>]

LaTeX Warning: Command \textellipsis invalid in math mode on input line 242.

LaTeX Font Info:    Try loading font information for OMS+ptm on input line 251.


("C:\Users\rsarbajna\AppData\Local\Programs\MiKTeX 2.9\tex/latex/psnfss\omsptm.
fd"
File: omsptm.fd 
)
LaTeX Font Info:    Font shape `OMS/ptm/m/n' in size <10> not available
(Font)              Font shape `OMS/cmsy/m/n' tried instead on input line 251.
LaTeX Font Info:    Try loading font information for OML+ptm on input line 257.


("C:\Users\rsarbajna\AppData\Local\Programs\MiKTeX 2.9\tex/latex/psnfss\omlptm.
fd"
File: omlptm.fd 
)
LaTeX Font Info:    Font shape `OML/ptm/m/n' in size <10> not available
(Font)              Font shape `OML/cmm/m/it' tried instead on input line 257.

Overfull \hbox (30.33264pt too wide) in paragraph at lines 281--282
[][][][][][][][] 
 []

<"Figure 4".png, id=20, 1446.90562pt x 726.46407pt>
File: "Figure 4".png Graphic file (type png)
<use "Figure 4".png>
Package pdftex.def Info: "Figure 4".png  used on input line 289.
(pdftex.def)             Requested size: 252.0pt x 126.52344pt.
[4 <./Figure 4.png>]
<"Figure 6".png, id=29, 469.4265pt x 362.664pt>
File: "Figure 6".png Graphic file (type png)
<use "Figure 6".png>
Package pdftex.def Info: "Figure 6".png  used on input line 327.
(pdftex.def)             Requested size: 252.0pt x 194.68462pt.
<"Figure 7".png, id=30, 485.29305pt x 666.3294pt>
File: "Figure 7".png Graphic file (type png)
<use "Figure 7".png>
Package pdftex.def Info: "Figure 7".png  used on input line 355.
(pdftex.def)             Requested size: 252.0pt x 346.00525pt.
<"Figure 8".png, id=32, 614.295pt x 794.97pt>
File: "Figure 8".png Graphic file (type png)
<use "Figure 8".png>
Package pdftex.def Info: "Figure 8".png  used on input line 363.
(pdftex.def)             Requested size: 252.0pt x 326.12177pt.
 [5 <./Figure 6.png> <./Figure 7.png>]
<"Figure 9".png, id=41, 614.295pt x 794.97pt>
File: "Figure 9".png Graphic file (type png)
<use "Figure 9".png>
Package pdftex.def Info: "Figure 9".png  used on input line 375.
(pdftex.def)             Requested size: 252.0pt x 326.12177pt.
<"Figure 10".png, id=42, 614.295pt x 794.97pt>
File: "Figure 10".png Graphic file (type png)
<use "Figure 10".png>
Package pdftex.def Info: "Figure 10".png  used on input line 381.
(pdftex.def)             Requested size: 252.0pt x 326.12177pt.
<"Figure 11".png, id=43, 614.295pt x 794.97pt>
File: "Figure 11".png Graphic file (type png)
<use "Figure 11".png>
Package pdftex.def Info: "Figure 11".png  used on input line 389.
(pdftex.def)             Requested size: 252.0pt x 326.12177pt.
 [6 <./Figure 8.png (PNG copy)> <./Figure 9.png (PNG copy)>] [7 <./Figure 10.pn
g (PNG copy)> <./Figure 11.png (PNG copy)>]

** Conference Paper **
Before submitting the final camera ready copy, remember to:

 1. Manually equalize the lengths of two columns on the last page
 of your paper;

 2. Ensure that any PostScript and/or PDF output post-processing
 uses only Type 1 fonts and that every step in the generation
 process uses the appropriate paper size.

[8

] ("Thesis 1 draft.aux")

LaTeX Warning: There were multiply-defined labels.

 ) 
Here is how much of TeX's memory you used:
 4859 strings out of 492895
 72419 string characters out of 3121868
 168489 words of memory out of 3000000
 8709 multiletter control sequences out of 15000+200000
 38671 words of font info for 76 fonts, out of 3000000 for 9000
 1141 hyphenation exceptions out of 8191
 41i,8n,32p,1275b,1587s stack positions out of 5000i,500n,10000p,200000b,50000s
{C:/Users/rsarbajna/AppData/Local/Programs/MiKTeX 2.9/fonts/enc/dvips/base/8r
.enc}<C:/Users/rsarbajna/AppData/Local/Programs/MiKTeX 2.9/fonts/type1/public/a
msfonts/cm/cmex10.pfb><C:/Users/rsarbajna/AppData/Local/Programs/MiKTeX 2.9/fon
ts/type1/public/amsfonts/cmextra/cmex7.pfb><C:/Users/rsarbajna/AppData/Local/Pr
ograms/MiKTeX 2.9/fonts/type1/public/amsfonts/cm/cmmi10.pfb><C:/Users/rsarbajna
/AppData/Local/Programs/MiKTeX 2.9/fonts/type1/public/amsfonts/cm/cmmi5.pfb><C:
/Users/rsarbajna/AppData/Local/Programs/MiKTeX 2.9/fonts/type1/public/amsfonts/
cm/cmmi7.pfb><C:/Users/rsarbajna/AppData/Local/Programs/MiKTeX 2.9/fonts/type1/
public/amsfonts/cm/cmr10.pfb><C:/Users/rsarbajna/AppData/Local/Programs/MiKTeX 
2.9/fonts/type1/public/amsfonts/cm/cmr5.pfb><C:/Users/rsarbajna/AppData/Local/P
rograms/MiKTeX 2.9/fonts/type1/public/amsfonts/cm/cmr7.pfb><C:/Users/rsarbajna/
AppData/Local/Programs/MiKTeX 2.9/fonts/type1/public/amsfonts/cm/cmsy10.pfb><C:
/Users/rsarbajna/AppData/Local/Programs/MiKTeX 2.9/fonts/type1/public/amsfonts/
cm/cmsy7.pfb><C:/Users/rsarbajna/AppData/Local/Programs/MiKTeX 2.9/fonts/type1/
urw/times/utmb8a.pfb><C:/Users/rsarbajna/AppData/Local/Programs/MiKTeX 2.9/font
s/type1/urw/times/utmbi8a.pfb><C:/Users/rsarbajna/AppData/Local/Programs/MiKTeX
 2.9/fonts/type1/urw/times/utmr8a.pfb><C:/Users/rsarbajna/AppData/Local/Program
s/MiKTeX 2.9/fonts/type1/urw/times/utmri8a.pfb>
Output written on "Thesis 1 draft.pdf" (8 pages, 3183630 bytes).
PDF statistics:
 99 PDF objects out of 1000 (max. 8388607)
 0 named destinations out of 1000 (max. 500000)
 56 words of extra memory for PDF output out of 10000 (max. 10000000)

